Analysis & Synthesis report for mu0_mem
Tue Apr 30 20:02:18 2024
Quartus II 64-Bit Version 13.0.1 Build 232 06/12/2013 Service Pack 1 SJ Web Edition


---------------------
; Table of Contents ;
---------------------
  1. Legal Notice
  2. Analysis & Synthesis Summary
  3. Analysis & Synthesis Settings
  4. Parallel Compilation
  5. Analysis & Synthesis Source Files Read
  6. Analysis & Synthesis Resource Usage Summary
  7. Analysis & Synthesis Resource Utilization by Entity
  8. State Machine - |mu0_mem|mu0:processeur|sequenceur:seq|etat_cr
  9. Registers Removed During Synthesis
 10. General Register Statistics
 11. Multiplexer Restructuring Statistics (Restructuring Performed)
 12. Parameter Settings for User Entity Instance: ram:memoire
 13. Port Connectivity Checks: "mu0:processeur|mux_B:MB"
 14. Port Connectivity Checks: "mu0:processeur|sequenceur:seq"
 15. Elapsed Time Per Partition
 16. Analysis & Synthesis Messages



----------------
; Legal Notice ;
----------------
Copyright (C) 1991-2013 Altera Corporation
Your use of Altera Corporation's design tools, logic functions 
and other software and tools, and its AMPP partner logic 
functions, and any output files from any of the foregoing 
(including device programming or simulation files), and any 
associated documentation or information are expressly subject 
to the terms and conditions of the Altera Program License 
Subscription Agreement, Altera MegaCore Function License 
Agreement, or other applicable license agreement, including, 
without limitation, that your use is for the sole purpose of 
programming logic devices manufactured by Altera and sold by 
Altera or its authorized distributors.  Please refer to the 
applicable agreement for further details.



+--------------------------------------------------------------------------------------+
; Analysis & Synthesis Summary                                                         ;
+------------------------------------+-------------------------------------------------+
; Analysis & Synthesis Status        ; Successful - Tue Apr 30 20:02:18 2024           ;
; Quartus II 64-Bit Version          ; 13.0.1 Build 232 06/12/2013 SP 1 SJ Web Edition ;
; Revision Name                      ; mu0_mem                                         ;
; Top-level Entity Name              ; mu0_mem                                         ;
; Family                             ; Cyclone II                                      ;
; Total logic elements               ; 599                                             ;
;     Total combinational functions  ; 336                                             ;
;     Dedicated logic registers      ; 313                                             ;
; Total registers                    ; 313                                             ;
; Total pins                         ; 30                                              ;
; Total virtual pins                 ; 0                                               ;
; Total memory bits                  ; 0                                               ;
; Embedded Multiplier 9-bit elements ; 0                                               ;
; Total PLLs                         ; 0                                               ;
+------------------------------------+-------------------------------------------------+


+----------------------------------------------------------------------------------------------------------------------+
; Analysis & Synthesis Settings                                                                                        ;
+----------------------------------------------------------------------------+--------------------+--------------------+
; Option                                                                     ; Setting            ; Default Value      ;
+----------------------------------------------------------------------------+--------------------+--------------------+
; Device                                                                     ; EP2C20F484C7       ;                    ;
; Top-level entity name                                                      ; mu0_mem            ; mu0_mem            ;
; Family name                                                                ; Cyclone II         ; Cyclone IV GX      ;
; Use smart compilation                                                      ; Off                ; Off                ;
; Enable parallel Assembler and TimeQuest Timing Analyzer during compilation ; On                 ; On                 ;
; Enable compact report table                                                ; Off                ; Off                ;
; Restructure Multiplexers                                                   ; Auto               ; Auto               ;
; Create Debugging Nodes for IP Cores                                        ; Off                ; Off                ;
; Preserve fewer node names                                                  ; On                 ; On                 ;
; Disable OpenCore Plus hardware evaluation                                  ; Off                ; Off                ;
; Verilog Version                                                            ; Verilog_2001       ; Verilog_2001       ;
; VHDL Version                                                               ; VHDL_1993          ; VHDL_1993          ;
; State Machine Processing                                                   ; Auto               ; Auto               ;
; Safe State Machine                                                         ; Off                ; Off                ;
; Extract Verilog State Machines                                             ; On                 ; On                 ;
; Extract VHDL State Machines                                                ; On                 ; On                 ;
; Ignore Verilog initial constructs                                          ; Off                ; Off                ;
; Iteration limit for constant Verilog loops                                 ; 5000               ; 5000               ;
; Iteration limit for non-constant Verilog loops                             ; 250                ; 250                ;
; Add Pass-Through Logic to Inferred RAMs                                    ; On                 ; On                 ;
; Infer RAMs from Raw Logic                                                  ; On                 ; On                 ;
; Parallel Synthesis                                                         ; On                 ; On                 ;
; DSP Block Balancing                                                        ; Auto               ; Auto               ;
; NOT Gate Push-Back                                                         ; On                 ; On                 ;
; Power-Up Don't Care                                                        ; On                 ; On                 ;
; Remove Redundant Logic Cells                                               ; Off                ; Off                ;
; Remove Duplicate Registers                                                 ; On                 ; On                 ;
; Ignore CARRY Buffers                                                       ; Off                ; Off                ;
; Ignore CASCADE Buffers                                                     ; Off                ; Off                ;
; Ignore GLOBAL Buffers                                                      ; Off                ; Off                ;
; Ignore ROW GLOBAL Buffers                                                  ; Off                ; Off                ;
; Ignore LCELL Buffers                                                       ; Off                ; Off                ;
; Ignore SOFT Buffers                                                        ; On                 ; On                 ;
; Limit AHDL Integers to 32 Bits                                             ; Off                ; Off                ;
; Optimization Technique                                                     ; Balanced           ; Balanced           ;
; Carry Chain Length                                                         ; 70                 ; 70                 ;
; Auto Carry Chains                                                          ; On                 ; On                 ;
; Auto Open-Drain Pins                                                       ; On                 ; On                 ;
; Perform WYSIWYG Primitive Resynthesis                                      ; Off                ; Off                ;
; Auto ROM Replacement                                                       ; On                 ; On                 ;
; Auto RAM Replacement                                                       ; On                 ; On                 ;
; Auto Shift Register Replacement                                            ; Auto               ; Auto               ;
; Allow Shift Register Merging across Hierarchies                            ; Auto               ; Auto               ;
; Auto Clock Enable Replacement                                              ; On                 ; On                 ;
; Strict RAM Replacement                                                     ; Off                ; Off                ;
; Allow Synchronous Control Signals                                          ; On                 ; On                 ;
; Force Use of Synchronous Clear Signals                                     ; Off                ; Off                ;
; Auto RAM to Logic Cell Conversion                                          ; Off                ; Off                ;
; Auto Resource Sharing                                                      ; Off                ; Off                ;
; Allow Any RAM Size For Recognition                                         ; Off                ; Off                ;
; Allow Any ROM Size For Recognition                                         ; Off                ; Off                ;
; Allow Any Shift Register Size For Recognition                              ; Off                ; Off                ;
; Use LogicLock Constraints during Resource Balancing                        ; On                 ; On                 ;
; Ignore translate_off and synthesis_off directives                          ; Off                ; Off                ;
; Timing-Driven Synthesis                                                    ; Off                ; Off                ;
; Report Parameter Settings                                                  ; On                 ; On                 ;
; Report Source Assignments                                                  ; On                 ; On                 ;
; Report Connectivity Checks                                                 ; On                 ; On                 ;
; Ignore Maximum Fan-Out Assignments                                         ; Off                ; Off                ;
; Synchronization Register Chain Length                                      ; 2                  ; 2                  ;
; PowerPlay Power Optimization                                               ; Normal compilation ; Normal compilation ;
; HDL message level                                                          ; Level2             ; Level2             ;
; Suppress Register Optimization Related Messages                            ; Off                ; Off                ;
; Number of Removed Registers Reported in Synthesis Report                   ; 5000               ; 5000               ;
; Number of Swept Nodes Reported in Synthesis Report                         ; 5000               ; 5000               ;
; Number of Inverted Registers Reported in Synthesis Report                  ; 100                ; 100                ;
; Clock MUX Protection                                                       ; On                 ; On                 ;
; Auto Gated Clock Conversion                                                ; Off                ; Off                ;
; Block Design Naming                                                        ; Auto               ; Auto               ;
; SDC constraint protection                                                  ; Off                ; Off                ;
; Synthesis Effort                                                           ; Auto               ; Auto               ;
; Shift Register Replacement - Allow Asynchronous Clear Signal               ; On                 ; On                 ;
; Pre-Mapping Resynthesis Optimization                                       ; Off                ; Off                ;
; Analysis & Synthesis Message Level                                         ; Medium             ; Medium             ;
; Disable Register Merging Across Hierarchies                                ; Auto               ; Auto               ;
; Resource Aware Inference For Block RAM                                     ; On                 ; On                 ;
; Synthesis Seed                                                             ; 1                  ; 1                  ;
+----------------------------------------------------------------------------+--------------------+--------------------+


Parallel compilation was disabled, but you have multiple processors available. Enable parallel compilation to reduce compilation time.
+-------------------------------------+
; Parallel Compilation                ;
+----------------------------+--------+
; Processors                 ; Number ;
+----------------------------+--------+
; Number detected on machine ; 8      ;
; Maximum allowed            ; 1      ;
+----------------------------+--------+


+----------------------------------------------------------------------------------------------------------------------------------------+
; Analysis & Synthesis Source Files Read                                                                                                 ;
+----------------------------------+-----------------+-----------------------+-------------------------------------------------+---------+
; File Name with User-Entered Path ; Used in Netlist ; File Type             ; File Name with Absolute Path                    ; Library ;
+----------------------------------+-----------------+-----------------------+-------------------------------------------------+---------+
; mu0_mem.vhd                      ; yes             ; User VHDL File        ; E:/fst/vhdl_project/projet vhdl/mu0_mem.vhd     ;         ;
; ram.vhd                          ; yes             ; User VHDL File        ; E:/fst/vhdl_project/projet vhdl/ram.vhd         ;         ;
; mu0.vhd                          ; yes             ; Auto-Found VHDL File  ; E:/fst/vhdl_project/projet vhdl/mu0.vhd         ;         ;
; sequenceur.vhd                   ; yes             ; Auto-Found VHDL File  ; E:/fst/vhdl_project/projet vhdl/sequenceur.vhd  ;         ;
; mux_a.vhd                        ; yes             ; Auto-Found VHDL File  ; E:/fst/vhdl_project/projet vhdl/mux_a.vhd       ;         ;
; mux_b.vhd                        ; yes             ; Auto-Found VHDL File  ; E:/fst/vhdl_project/projet vhdl/mux_b.vhd       ;         ;
; tristate.vhd                     ; yes             ; Auto-Found VHDL File  ; E:/fst/vhdl_project/projet vhdl/tristate.vhd    ;         ;
; accumulator.vhd                  ; yes             ; Auto-Found VHDL File  ; E:/fst/vhdl_project/projet vhdl/accumulator.vhd ;         ;
; alu.vhd                          ; yes             ; Auto-Found VHDL File  ; E:/fst/vhdl_project/projet vhdl/alu.vhd         ;         ;
; ir_reg.vhd                       ; yes             ; Auto-Found VHDL File  ; E:/fst/vhdl_project/projet vhdl/ir_reg.vhd      ;         ;
+----------------------------------+-----------------+-----------------------+-------------------------------------------------+---------+


+-----------------------------------------------------+
; Analysis & Synthesis Resource Usage Summary         ;
+---------------------------------------------+-------+
; Resource                                    ; Usage ;
+---------------------------------------------+-------+
; Estimated Total logic elements              ; 599   ;
;                                             ;       ;
; Total combinational functions               ; 336   ;
; Logic element usage by number of LUT inputs ;       ;
;     -- 4 input functions                    ; 268   ;
;     -- 3 input functions                    ; 66    ;
;     -- <=2 input functions                  ; 2     ;
;                                             ;       ;
; Logic elements by mode                      ;       ;
;     -- normal mode                          ; 320   ;
;     -- arithmetic mode                      ; 16    ;
;                                             ;       ;
; Total registers                             ; 313   ;
;     -- Dedicated logic registers            ; 313   ;
;     -- I/O registers                        ; 0     ;
;                                             ;       ;
; I/O pins                                    ; 30    ;
; Embedded Multiplier 9-bit elements          ; 0     ;
; Maximum fan-out node                        ; clk   ;
; Maximum fan-out                             ; 313   ;
; Total fan-out                               ; 2271  ;
; Average fan-out                             ; 3.34  ;
+---------------------------------------------+-------+


+-------------------------------------------------------------------------------------------------------------------------------------------------------------------------------------------------+
; Analysis & Synthesis Resource Utilization by Entity                                                                                                                                             ;
+----------------------------+-------------------+--------------+-------------+--------------+---------+-----------+------+--------------+-----------------------------------------+--------------+
; Compilation Hierarchy Node ; LC Combinationals ; LC Registers ; Memory Bits ; DSP Elements ; DSP 9x9 ; DSP 18x18 ; Pins ; Virtual Pins ; Full Hierarchy Name                     ; Library Name ;
+----------------------------+-------------------+--------------+-------------+--------------+---------+-----------+------+--------------+-----------------------------------------+--------------+
; |mu0_mem                   ; 336 (0)           ; 313 (0)      ; 0           ; 0            ; 0       ; 0         ; 30   ; 0            ; |mu0_mem                                ; work         ;
;    |mu0:processeur|        ; 128 (0)           ; 41 (0)       ; 0           ; 0            ; 0       ; 0         ; 0    ; 0            ; |mu0_mem|mu0:processeur                 ; work         ;
;       |accumulator:ACC|    ; 22 (22)           ; 18 (18)      ; 0           ; 0            ; 0       ; 0         ; 0    ; 0            ; |mu0_mem|mu0:processeur|accumulator:ACC ; work         ;
;       |alu:al|             ; 64 (64)           ; 0 (0)        ; 0           ; 0            ; 0       ; 0         ; 0    ; 0            ; |mu0_mem|mu0:processeur|alu:al          ; work         ;
;       |ir_reg:IR|          ; 0 (0)             ; 20 (20)      ; 0           ; 0            ; 0       ; 0         ; 0    ; 0            ; |mu0_mem|mu0:processeur|ir_reg:IR       ; work         ;
;       |mux_B:MB|           ; 16 (16)           ; 0 (0)        ; 0           ; 0            ; 0       ; 0         ; 0    ; 0            ; |mu0_mem|mu0:processeur|mux_B:MB        ; work         ;
;       |sequenceur:seq|     ; 10 (10)           ; 3 (3)        ; 0           ; 0            ; 0       ; 0         ; 0    ; 0            ; |mu0_mem|mu0:processeur|sequenceur:seq  ; work         ;
;       |tristate:P3|        ; 16 (16)           ; 0 (0)        ; 0           ; 0            ; 0       ; 0         ; 0    ; 0            ; |mu0_mem|mu0:processeur|tristate:P3     ; work         ;
;    |ram:memoire|           ; 208 (208)         ; 272 (272)    ; 0           ; 0            ; 0       ; 0         ; 0    ; 0            ; |mu0_mem|ram:memoire                    ; work         ;
+----------------------------+-------------------+--------------+-------------+--------------+---------+-----------+------+--------------+-----------------------------------------+--------------+
Note: For table entries with two numbers listed, the numbers in parentheses indicate the number of resources of the given type used by the specific entity alone. The numbers listed outside of parentheses indicate the total resources of the given type used by the specific entity and all of its sub-entities in the hierarchy.


Encoding Type:  One-Hot
+---------------------------------------------------------------------------------+
; State Machine - |mu0_mem|mu0:processeur|sequenceur:seq|etat_cr                  ;
+-----------------+--------------+-----------------+---------------+--------------+
; Name            ; etat_cr.STOP ; etat_cr.EXECUTE ; etat_cr.FETCH ; etat_cr.INIT ;
+-----------------+--------------+-----------------+---------------+--------------+
; etat_cr.INIT    ; 0            ; 0               ; 0             ; 0            ;
; etat_cr.FETCH   ; 0            ; 0               ; 1             ; 1            ;
; etat_cr.EXECUTE ; 0            ; 1               ; 0             ; 1            ;
; etat_cr.STOP    ; 1            ; 0               ; 0             ; 1            ;
+-----------------+--------------+-----------------+---------------+--------------+


+-----------------------------------------------------------------+
; Registers Removed During Synthesis                              ;
+--------------------------------------------+--------------------+
; Register name                              ; Reason for Removal ;
+--------------------------------------------+--------------------+
; mu0:processeur|sequenceur:seq|etat_cr.STOP ; Lost fanout        ;
; Total Number of Removed Registers = 1      ;                    ;
+--------------------------------------------+--------------------+


+------------------------------------------------------+
; General Register Statistics                          ;
+----------------------------------------------+-------+
; Statistic                                    ; Value ;
+----------------------------------------------+-------+
; Total registers                              ; 313   ;
; Number of registers using Synchronous Clear  ; 0     ;
; Number of registers using Synchronous Load   ; 16    ;
; Number of registers using Asynchronous Clear ; 37    ;
; Number of registers using Asynchronous Load  ; 0     ;
; Number of registers using Clock Enable       ; 276   ;
; Number of registers using Preset             ; 0     ;
+----------------------------------------------+-------+


+----------------------------------------------------------------------------------------------------------------------------------------------------------------+
; Multiplexer Restructuring Statistics (Restructuring Performed)                                                                                                 ;
+--------------------+-----------+---------------+----------------------+------------------------+------------+--------------------------------------------------+
; Multiplexer Inputs ; Bus Width ; Baseline Area ; Area if Restructured ; Saving if Restructured ; Registered ; Example Multiplexer Output                       ;
+--------------------+-----------+---------------+----------------------+------------------------+------------+--------------------------------------------------+
; 8:1                ; 16 bits   ; 80 LEs        ; 48 LEs               ; 32 LEs                 ; Yes        ; |mu0_mem|mu0:processeur|accumulator:ACC|q_reg[1] ;
; 1:1                ; 12 bits   ; 0 LEs         ; 0 LEs                ; 0 LEs                  ; No         ; |mu0_mem|mu0:processeur|mux_A:MA|s[1]            ;
; 3:1                ; 16 bits   ; 32 LEs        ; 16 LEs               ; 16 LEs                 ; No         ; |mu0_mem|mu0:processeur|alu:al|Add0              ;
; 3:1                ; 16 bits   ; 32 LEs        ; 16 LEs               ; 16 LEs                 ; No         ; |mu0_mem|mu0:processeur|alu:al|Add0              ;
+--------------------+-----------+---------------+----------------------+------------------------+------------+--------------------------------------------------+


+----------------------------------------------------------+
; Parameter Settings for User Entity Instance: ram:memoire ;
+----------------+-------+---------------------------------+
; Parameter Name ; Value ; Type                            ;
+----------------+-------+---------------------------------+
; bits           ; 16    ; Signed Integer                  ;
; words          ; 16    ; Signed Integer                  ;
+----------------+-------+---------------------------------+
Note: In order to hide this table in the UI and the text report file, please set the "Show Parameter Settings in Synthesis Report" option in "Analysis and Synthesis Settings -> More Settings" to "Off".


+-----------------------------------------------------+
; Port Connectivity Checks: "mu0:processeur|mux_B:MB" ;
+-------------+-------+----------+--------------------+
; Port        ; Type  ; Severity ; Details            ;
+-------------+-------+----------+--------------------+
; e_0[15..12] ; Input ; Info     ; Stuck at GND       ;
+-------------+-------+----------+--------------------+


+-----------------------------------------------------------------------------------------------------------------+
; Port Connectivity Checks: "mu0:processeur|sequenceur:seq"                                                       ;
+-------+--------+----------+-------------------------------------------------------------------------------------+
; Port  ; Type   ; Severity ; Details                                                                             ;
+-------+--------+----------+-------------------------------------------------------------------------------------+
; pc_ld ; Output ; Info     ; Connected to dangling logic. Logic that only feeds a dangling port will be removed. ;
+-------+--------+----------+-------------------------------------------------------------------------------------+


+-------------------------------+
; Elapsed Time Per Partition    ;
+----------------+--------------+
; Partition Name ; Elapsed Time ;
+----------------+--------------+
; Top            ; 00:00:00     ;
+----------------+--------------+


+-------------------------------+
; Analysis & Synthesis Messages ;
+-------------------------------+
Info: *******************************************************************
Info: Running Quartus II 64-Bit Analysis & Synthesis
    Info: Version 13.0.1 Build 232 06/12/2013 Service Pack 1 SJ Web Edition
    Info: Processing started: Tue Apr 30 20:02:16 2024
Info: Command: quartus_map --read_settings_files=on --write_settings_files=off mu0_mem -c mu0_mem
Warning (20028): Parallel compilation is not licensed and has been disabled
Info (12021): Found 2 design units, including 1 entities, in source file mu0_mem.vhd
    Info (12022): Found design unit 1: mu0_mem-arch_mu0_mem
    Info (12023): Found entity 1: mu0_mem
Info (12021): Found 2 design units, including 1 entities, in source file ram.vhd
    Info (12022): Found design unit 1: ram-arch_ram
    Info (12023): Found entity 1: ram
Info (12127): Elaborating entity "mu0_mem" for the top level hierarchy
Warning (12125): Using design file mu0.vhd, which is not specified as a design file for the current project, but contains definitions for 2 design units and 1 entities in project
    Info (12022): Found design unit 1: mu0-arch_mu0
    Info (12023): Found entity 1: mu0
Info (12128): Elaborating entity "mu0" for hierarchy "mu0:processeur"
Warning (10541): VHDL Signal Declaration warning at mu0.vhd(16): used implicit default value for signal "pc_out" because signal was never assigned a value or an explicit default value. Use of implicit default value may introduce unintended design optimizations.
Warning (10036): Verilog HDL or VHDL warning at mu0.vhd(23): object "pc_ld" assigned a value but never read
Warning (12125): Using design file sequenceur.vhd, which is not specified as a design file for the current project, but contains definitions for 2 design units and 1 entities in project
    Info (12022): Found design unit 1: sequenceur-arch_seq
    Info (12023): Found entity 1: sequenceur
Info (12128): Elaborating entity "sequenceur" for hierarchy "mu0:processeur|sequenceur:seq"
Warning (12125): Using design file mux_a.vhd, which is not specified as a design file for the current project, but contains definitions for 2 design units and 1 entities in project
    Info (12022): Found design unit 1: mux_A-arch_mux_A
    Info (12023): Found entity 1: mux_A
Info (12128): Elaborating entity "mux_A" for hierarchy "mu0:processeur|mux_A:MA"
Warning (12125): Using design file mux_b.vhd, which is not specified as a design file for the current project, but contains definitions for 2 design units and 1 entities in project
    Info (12022): Found design unit 1: mux_B-arch_mux_B
    Info (12023): Found entity 1: mux_B
Info (12128): Elaborating entity "mux_B" for hierarchy "mu0:processeur|mux_B:MB"
Warning (12125): Using design file tristate.vhd, which is not specified as a design file for the current project, but contains definitions for 2 design units and 1 entities in project
    Info (12022): Found design unit 1: tristate-arch_tristate
    Info (12023): Found entity 1: tristate
Info (12128): Elaborating entity "tristate" for hierarchy "mu0:processeur|tristate:P3"
Warning (12125): Using design file accumulator.vhd, which is not specified as a design file for the current project, but contains definitions for 2 design units and 1 entities in project
    Info (12022): Found design unit 1: accumulator-arch_acc
    Info (12023): Found entity 1: accumulator
Info (12128): Elaborating entity "accumulator" for hierarchy "mu0:processeur|accumulator:ACC"
Warning (12125): Using design file alu.vhd, which is not specified as a design file for the current project, but contains definitions for 2 design units and 1 entities in project
    Info (12022): Found design unit 1: alu-arch_alu
    Info (12023): Found entity 1: alu
Info (12128): Elaborating entity "alu" for hierarchy "mu0:processeur|alu:al"
Warning (12125): Using design file ir_reg.vhd, which is not specified as a design file for the current project, but contains definitions for 2 design units and 1 entities in project
    Info (12022): Found design unit 1: ir_reg-arch_ir_reg
    Info (12023): Found entity 1: ir_reg
Info (12128): Elaborating entity "ir_reg" for hierarchy "mu0:processeur|ir_reg:IR"
Info (12128): Elaborating entity "ram" for hierarchy "ram:memoire"
Info (276014): Found 1 instances of uninferred RAM logic
    Info (276007): RAM logic "ram:memoire|memory" is uninferred due to asynchronous read logic
Warning (13034): The following nodes have both tri-state and non-tri-state drivers
    Warning (13035): Inserted always-enabled tri-state buffer between "data_bus[0]" and its non-tri-state driver.
    Warning (13035): Inserted always-enabled tri-state buffer between "data_bus[1]" and its non-tri-state driver.
    Warning (13035): Inserted always-enabled tri-state buffer between "data_bus[2]" and its non-tri-state driver.
    Warning (13035): Inserted always-enabled tri-state buffer between "data_bus[3]" and its non-tri-state driver.
    Warning (13035): Inserted always-enabled tri-state buffer between "data_bus[4]" and its non-tri-state driver.
    Warning (13035): Inserted always-enabled tri-state buffer between "data_bus[5]" and its non-tri-state driver.
    Warning (13035): Inserted always-enabled tri-state buffer between "data_bus[6]" and its non-tri-state driver.
    Warning (13035): Inserted always-enabled tri-state buffer between "data_bus[7]" and its non-tri-state driver.
    Warning (13035): Inserted always-enabled tri-state buffer between "data_bus[8]" and its non-tri-state driver.
    Warning (13035): Inserted always-enabled tri-state buffer between "data_bus[9]" and its non-tri-state driver.
    Warning (13035): Inserted always-enabled tri-state buffer between "data_bus[10]" and its non-tri-state driver.
    Warning (13035): Inserted always-enabled tri-state buffer between "data_bus[11]" and its non-tri-state driver.
    Warning (13035): Inserted always-enabled tri-state buffer between "data_bus[12]" and its non-tri-state driver.
    Warning (13035): Inserted always-enabled tri-state buffer between "data_bus[13]" and its non-tri-state driver.
    Warning (13035): Inserted always-enabled tri-state buffer between "data_bus[14]" and its non-tri-state driver.
    Warning (13035): Inserted always-enabled tri-state buffer between "data_bus[15]" and its non-tri-state driver.
    Warning (13035): Inserted always-enabled tri-state buffer between "addr_bus[0]" and its non-tri-state driver.
    Warning (13035): Inserted always-enabled tri-state buffer between "addr_bus[1]" and its non-tri-state driver.
    Warning (13035): Inserted always-enabled tri-state buffer between "addr_bus[2]" and its non-tri-state driver.
    Warning (13035): Inserted always-enabled tri-state buffer between "addr_bus[3]" and its non-tri-state driver.
    Warning (13035): Inserted always-enabled tri-state buffer between "addr_bus[4]" and its non-tri-state driver.
    Warning (13035): Inserted always-enabled tri-state buffer between "addr_bus[5]" and its non-tri-state driver.
    Warning (13035): Inserted always-enabled tri-state buffer between "addr_bus[6]" and its non-tri-state driver.
    Warning (13035): Inserted always-enabled tri-state buffer between "addr_bus[7]" and its non-tri-state driver.
    Warning (13035): Inserted always-enabled tri-state buffer between "addr_bus[8]" and its non-tri-state driver.
    Warning (13035): Inserted always-enabled tri-state buffer between "addr_bus[9]" and its non-tri-state driver.
    Warning (13035): Inserted always-enabled tri-state buffer between "addr_bus[10]" and its non-tri-state driver.
    Warning (13035): Inserted always-enabled tri-state buffer between "addr_bus[11]" and its non-tri-state driver.
Warning (13046): Tri-state node(s) do not directly drive top-level pin(s)
    Warning (13047): Converted the fan-out from the tri-state buffer "mu0:processeur|tristate:P3|data_out[0]" to the node "mu0:processeur|ir_reg:IR|data_out[0]" into an OR gate
    Warning (13047): Converted the fan-out from the tri-state buffer "mu0:processeur|tristate:P3|data_out[1]" to the node "mu0:processeur|ir_reg:IR|data_out[1]" into an OR gate
    Warning (13047): Converted the fan-out from the tri-state buffer "mu0:processeur|tristate:P3|data_out[2]" to the node "mu0:processeur|ir_reg:IR|data_out[2]" into an OR gate
    Warning (13047): Converted the fan-out from the tri-state buffer "mu0:processeur|tristate:P3|data_out[3]" to the node "mu0:processeur|ir_reg:IR|data_out[3]" into an OR gate
    Warning (13047): Converted the fan-out from the tri-state buffer "mu0:processeur|tristate:P3|data_out[4]" to the node "mu0:processeur|ir_reg:IR|data_out[4]" into an OR gate
    Warning (13047): Converted the fan-out from the tri-state buffer "mu0:processeur|tristate:P3|data_out[5]" to the node "mu0:processeur|ir_reg:IR|data_out[5]" into an OR gate
    Warning (13047): Converted the fan-out from the tri-state buffer "mu0:processeur|tristate:P3|data_out[6]" to the node "mu0:processeur|ir_reg:IR|data_out[6]" into an OR gate
    Warning (13047): Converted the fan-out from the tri-state buffer "mu0:processeur|tristate:P3|data_out[7]" to the node "mu0:processeur|ir_reg:IR|data_out[7]" into an OR gate
    Warning (13047): Converted the fan-out from the tri-state buffer "mu0:processeur|tristate:P3|data_out[8]" to the node "mu0:processeur|ir_reg:IR|data_out[8]" into an OR gate
    Warning (13047): Converted the fan-out from the tri-state buffer "mu0:processeur|tristate:P3|data_out[9]" to the node "mu0:processeur|ir_reg:IR|data_out[9]" into an OR gate
    Warning (13047): Converted the fan-out from the tri-state buffer "mu0:processeur|tristate:P3|data_out[10]" to the node "mu0:processeur|ir_reg:IR|data_out[10]" into an OR gate
    Warning (13047): Converted the fan-out from the tri-state buffer "mu0:processeur|tristate:P3|data_out[11]" to the node "mu0:processeur|ir_reg:IR|data_out[11]" into an OR gate
    Warning (13047): Converted the fan-out from the tri-state buffer "mu0:processeur|tristate:P3|data_out[15]" to the node "mu0:processeur|ir_reg:IR|interne[3]" into an OR gate
    Warning (13047): Converted the fan-out from the tri-state buffer "mu0:processeur|tristate:P3|data_out[14]" to the node "mu0:processeur|ir_reg:IR|interne[2]" into an OR gate
    Warning (13047): Converted the fan-out from the tri-state buffer "mu0:processeur|tristate:P3|data_out[13]" to the node "mu0:processeur|ir_reg:IR|interne[1]" into an OR gate
    Warning (13047): Converted the fan-out from the tri-state buffer "mu0:processeur|tristate:P3|data_out[12]" to the node "mu0:processeur|ir_reg:IR|interne[0]" into an OR gate
Info (13060): One or more bidirs are fed by always enabled tri-state buffers
    Info (13061): Fan-out of permanently enabled tri-state buffer feeding bidir "addr_bus[0]" is moved to its source
    Info (13061): Fan-out of permanently enabled tri-state buffer feeding bidir "addr_bus[1]" is moved to its source
    Info (13061): Fan-out of permanently enabled tri-state buffer feeding bidir "addr_bus[2]" is moved to its source
    Info (13061): Fan-out of permanently enabled tri-state buffer feeding bidir "addr_bus[3]" is moved to its source
    Info (13061): Fan-out of permanently enabled tri-state buffer feeding bidir "addr_bus[4]" is moved to its source
    Info (13061): Fan-out of permanently enabled tri-state buffer feeding bidir "addr_bus[5]" is moved to its source
    Info (13061): Fan-out of permanently enabled tri-state buffer feeding bidir "addr_bus[6]" is moved to its source
    Info (13061): Fan-out of permanently enabled tri-state buffer feeding bidir "addr_bus[7]" is moved to its source
    Info (13061): Fan-out of permanently enabled tri-state buffer feeding bidir "addr_bus[8]" is moved to its source
    Info (13061): Fan-out of permanently enabled tri-state buffer feeding bidir "addr_bus[9]" is moved to its source
    Info (13061): Fan-out of permanently enabled tri-state buffer feeding bidir "addr_bus[10]" is moved to its source
    Info (13061): Fan-out of permanently enabled tri-state buffer feeding bidir "addr_bus[11]" is moved to its source
Warning (13009): TRI or OPNDRN buffers permanently enabled
    Warning (13010): Node "data_bus[0]~synth"
    Warning (13010): Node "data_bus[1]~synth"
    Warning (13010): Node "data_bus[2]~synth"
    Warning (13010): Node "data_bus[3]~synth"
    Warning (13010): Node "data_bus[4]~synth"
    Warning (13010): Node "data_bus[5]~synth"
    Warning (13010): Node "data_bus[6]~synth"
    Warning (13010): Node "data_bus[7]~synth"
    Warning (13010): Node "data_bus[8]~synth"
    Warning (13010): Node "data_bus[9]~synth"
    Warning (13010): Node "data_bus[10]~synth"
    Warning (13010): Node "data_bus[11]~synth"
    Warning (13010): Node "data_bus[12]~synth"
    Warning (13010): Node "data_bus[13]~synth"
    Warning (13010): Node "data_bus[14]~synth"
    Warning (13010): Node "data_bus[15]~synth"
    Warning (13010): Node "addr_bus[0]~synth"
    Warning (13010): Node "addr_bus[1]~synth"
    Warning (13010): Node "addr_bus[2]~synth"
    Warning (13010): Node "addr_bus[3]~synth"
    Warning (13010): Node "addr_bus[4]~synth"
    Warning (13010): Node "addr_bus[5]~synth"
    Warning (13010): Node "addr_bus[6]~synth"
    Warning (13010): Node "addr_bus[7]~synth"
    Warning (13010): Node "addr_bus[8]~synth"
    Warning (13010): Node "addr_bus[9]~synth"
    Warning (13010): Node "addr_bus[10]~synth"
    Warning (13010): Node "addr_bus[11]~synth"
Info (17049): 1 registers lost all their fanouts during netlist optimizations.
Info (16010): Generating hard_block partition "hard_block:auto_generated_inst"
    Info (16011): Adding 0 node(s), including 0 DDIO, 0 PLL, 0 transceiver and 0 LCELL
Info (21057): Implemented 641 device resources after synthesis - the final resource count might be different
    Info (21058): Implemented 2 input pins
    Info (21059): Implemented 0 output pins
    Info (21060): Implemented 28 bidirectional pins
    Info (21061): Implemented 611 logic cells
Info: Quartus II 64-Bit Analysis & Synthesis was successful. 0 errors, 86 warnings
    Info: Peak virtual memory: 4649 megabytes
    Info: Processing ended: Tue Apr 30 20:02:18 2024
    Info: Elapsed time: 00:00:02
    Info: Total CPU time (on all processors): 00:00:01


